<?xml version="1.0" encoding="UTF-8"?>
<!-- Generated by org.testng.reporters.JUnitReportReporter -->
<testsuite skipped="0" hostname="DESKTOP-D4NBKRB" name="com.inetbanking.testCases.TC_LoginTest_001" tests="1" failures="0" timestamp="28 Apr 2020 06:15:08 GMT" time="2.567" errors="0">
  <testcase name="loginTest" time="2.567" classname="com.inetbanking.testCases.TC_LoginTest_001"/>
</testsuite> <!-- com.inetbanking.testCases.TC_LoginTest_001 -->
